[17:33:21] [main/INFO] (FabricLoader/GameProvider) Loading Minecraft 1.19 with Fabric Loader 0.14.6
[17:33:22] [main/INFO] (FabricLoader) Loading 43 mods:
	- fabric 0.55.1+1.19
	- fabric-api-base 0.4.8+e62f51a357
	- fabric-api-lookup-api-v1 1.6.5+9ff28f4057
	- fabric-biome-api-v1 9.0.11+e62f51a357
	- fabric-blockrenderlayer-v1 1.1.17+9ff28f4057
	- fabric-command-api-v2 2.0.1+e62f51a357
	- fabric-content-registries-v0 3.0.15+9ff28f4057
	- fabric-convention-tags-v1 1.0.7+37622d2457
	- fabric-crash-report-info-v1 0.2.2+bd0a0d4a57
	- fabric-data-generation-api-v1 5.0.0+2a5b921057
	- fabric-dimensions-v1 2.1.26+72da3b3d57
	- fabric-entity-events-v1 1.4.15+9ff28f4057
	- fabric-events-interaction-v0 0.4.25+9ff28f4057
	- fabric-game-rule-api-v1 1.0.18+1899036157
	- fabric-gametest-api-v1 1.0.29+e62f51a357
	- fabric-item-api-v1 1.5.3+767db26e57
	- fabric-item-groups-v0 0.3.22+9ff28f4057
	- fabric-key-binding-api-v1 1.0.17+9ff28f4057
	- fabric-lifecycle-events-v1 2.0.8+21a5acaa57
	- fabric-loot-api-v2 1.0.0+9e7660c657
	- fabric-message-api-v1 1.0.0+513f4a5957
	- fabric-mining-level-api-v1 2.1.6+9ff28f4057
	- fabric-models-v0 0.3.14+9ff28f4057
	- fabric-networking-api-v1 1.0.26+7fe9740957
	- fabric-object-builder-api-v1 4.0.4+9ff28f4057
	- fabric-particles-v1 1.0.7+9ff28f4057
	- fabric-registry-sync-v0 0.9.15+92cf9a3e57
	- fabric-renderer-api-v1 1.0.7+9ff28f4057
	- fabric-renderer-indigo 0.6.5+9ff28f4057
	- fabric-rendering-data-attachment-v1 0.3.11+9ff28f4057
	- fabric-rendering-fluids-v1 3.0.4+9ff28f4057
	- fabric-rendering-v1 1.10.13+9ff28f4057
	- fabric-resource-conditions-api-v1 2.0.8+e62f51a357
	- fabric-resource-loader-v0 0.5.2+9e7660c657
	- fabric-screen-api-v1 1.0.22+9ff28f4057
	- fabric-screen-handler-api-v1 1.2.5+9ff28f4057
	- fabric-textures-v0 1.0.17+9ff28f4057
	- fabric-transfer-api-v1 2.0.7+e62f51a357
	- fabric-transitive-access-wideners-v1 1.1.0+9e7660c657
	- fabricloader 0.14.6
	- java 18
	- minecraft 1.19
	- test 1.0.0
[17:33:22] [main/INFO] (FabricLoader/Mixin) SpongePowered MIXIN Subsystem Version=0.8.5 Source=file:/home/aiden/.gradle/caches/modules-2/files-2.1/net.fabricmc/sponge-mixin/0.11.4+mixin.0.8.5/c1dc27696aa4006e492c2485c9ccbcb26045a971/sponge-mixin-0.11.4+mixin.0.8.5.jar Service=Knot/Fabric Env=CLIENT
[17:33:23] [main/INFO] (FabricLoader/Mixin) Loaded Fabric development mappings for mixin remapper!
[17:33:23] [main/INFO] (FabricLoader/Mixin) Compatibility level set to JAVA_16
[17:33:25] [main/WARN] (FileUtil) Configuration conflict: there is more than one oshi.properties file on the classpath
[17:33:26] [main/WARN] (FileUtil) Configuration conflict: there is more than one oshi.architecture.properties file on the classpath
[17:33:32] [main/INFO] (Minecraft) Building optimized datafixer
[17:33:39] [Render thread/INFO] (Minecraft) Environment: authHost='https://authserver.mojang.com', accountsHost='https://api.mojang.com', sessionHost='https://sessionserver.mojang.com', servicesHost='https://api.minecraftservices.com', name='PROD'
[17:33:41] [Render thread/ERROR] (Minecraft) Failed to verify authentication
com.mojang.authlib.exceptions.InvalidCredentialsException: Status: 401
	at com.mojang.authlib.exceptions.MinecraftClientHttpException.toAuthenticationException(MinecraftClientHttpException.java:56) ~[authlib-3.5.41.jar:?]
	at com.mojang.authlib.yggdrasil.YggdrasilUserApiService.fetchProperties(YggdrasilUserApiService.java:140) ~[authlib-3.5.41.jar:?]
	at com.mojang.authlib.yggdrasil.YggdrasilUserApiService.<init>(YggdrasilUserApiService.java:47) ~[authlib-3.5.41.jar:?]
	at com.mojang.authlib.yggdrasil.YggdrasilAuthenticationService.createUserApiService(YggdrasilAuthenticationService.java:158) ~[authlib-3.5.41.jar:?]
	at net.minecraft.client.MinecraftClient.createUserApiService(MinecraftClient.java:673) [minecraft-project-@-merged-named.jar:?]
	at net.minecraft.client.MinecraftClient.<init>(MinecraftClient.java:489) [minecraft-project-@-merged-named.jar:?]
	at net.minecraft.client.main.Main.main(Main.java:179) [minecraft-project-@-merged-named.jar:?]
	at net.fabricmc.loader.impl.game.minecraft.MinecraftGameProvider.launch(MinecraftGameProvider.java:460) [fabric-loader-0.14.6.jar:?]
	at net.fabricmc.loader.impl.launch.knot.Knot.launch(Knot.java:74) [fabric-loader-0.14.6.jar:?]
	at net.fabricmc.loader.impl.launch.knot.KnotClient.main(KnotClient.java:23) [fabric-loader-0.14.6.jar:?]
	at net.fabricmc.devlaunchinjector.Main.main(Main.java:86) [dev-launch-injector-0.2.1+build.8.jar:?]
Caused by: com.mojang.authlib.exceptions.MinecraftClientHttpException: Status: 401
	at com.mojang.authlib.minecraft.client.MinecraftClient.readInputStream(MinecraftClient.java:85) ~[authlib-3.5.41.jar:?]
	at com.mojang.authlib.minecraft.client.MinecraftClient.get(MinecraftClient.java:48) ~[authlib-3.5.41.jar:?]
	at com.mojang.authlib.yggdrasil.YggdrasilUserApiService.fetchProperties(YggdrasilUserApiService.java:121) ~[authlib-3.5.41.jar:?]
	... 9 more
[17:33:41] [Render thread/INFO] (Minecraft) Setting user: Player648
[17:33:42] [Render thread/INFO] (Indigo) [Indigo] Registering Indigo renderer!
[17:33:43] [Render thread/INFO] (Minecraft) Backend library: LWJGL version 3.3.1 SNAPSHOT
[17:33:48] [Render thread/INFO] (Minecraft) Narrator library successfully loaded
[17:33:49] [Worker-Main-4/ERROR] (Minecraft) Failed to retrieve profile key pair
java.io.IOException: Could not retrieve profile key pair
	at net.minecraft.client.util.ProfileKeys.fetchKeyPair(ProfileKeys.java:165) ~[minecraft-project-@-merged-named.jar:?]
	at net.minecraft.client.util.ProfileKeys.method_44291(ProfileKeys.java:68) ~[minecraft-project-@-merged-named.jar:?]
	at java.util.concurrent.CompletableFuture$AsyncSupply.run(CompletableFuture.java:1768) [?:?]
	at java.util.concurrent.CompletableFuture$AsyncSupply.exec(CompletableFuture.java:1760) [?:?]
	at java.util.concurrent.ForkJoinTask.doExec(ForkJoinTask.java:373) [?:?]
	at java.util.concurrent.ForkJoinPool$WorkQueue.topLevelExec(ForkJoinPool.java:1182) [?:?]
	at java.util.concurrent.ForkJoinPool.scan(ForkJoinPool.java:1655) [?:?]
	at java.util.concurrent.ForkJoinPool.runWorker(ForkJoinPool.java:1622) [?:?]
	at java.util.concurrent.ForkJoinWorkerThread.run(ForkJoinWorkerThread.java:165) [?:?]
[17:33:49] [Render thread/INFO] (Minecraft) Reloading ResourceManager: Default, Fabric Mods (Fabric Data Generation API (v1), test-mod, Fabric Item API (v1), Fabric Game Test API (v1), Fabric Content Registries (v0), Fabric Entity Events (v1), Fabric API, Fabric Resource Conditions API (v1), Fabric Key Binding API (v1), Fabric Events Interaction (v0), Fabric Biome API (v1), Fabric Lifecycle Events (v1), Fabric Transitive Access Wideners (v1), Fabric API Base, Fabric Dimensions API (v1), Fabric Resource Loader (v0), Fabric Renderer API (v1), Fabric Game Rule API (v1), Fabric Textures (v0), Fabric API Lookup API (v1), Fabric Transfer API (v1), Fabric Particles (v1), Fabric Item Groups (v0), Fabric Screen API (v1), Fabric Loot API (v2), Fabric Object Builder API (v1), Fabric Loader, Fabric Networking API (v1), Fabric Message API (v1), Fabric Registry Sync (v0), Fabric Screen Handler API (v1), Fabric Models (v0), Fabric Convention Tags, Fabric Command API (v2), Fabric BlockRenderLayer Registration (v1), Fabric Crash Report Info (v1), Fabric Mining Level API (v1), Fabric Rendering (v1), Fabric Renderer - Indigo, Fabric Rendering Fluids (v1), Fabric Rendering Data Attachment (v1))
[17:33:51] [Realms Notification Availability checker #1/INFO] (Minecraft) Could not authorize you against Realms server: Invalid session id
[17:33:57] [Render thread/WARN] (Minecraft) Missing sound for event: minecraft:item.goat_horn.play
[17:33:57] [Render thread/WARN] (Minecraft) Missing sound for event: minecraft:entity.goat.screaming.horn_break
[17:33:57] [Render thread/INFO] (Minecraft) OpenAL initialized on device Built-in Audio Analogue Stereo
[17:33:57] [Render thread/INFO] (Minecraft) Sound engine started
[17:33:58] [Render thread/INFO] (Minecraft) Created: 1024x1024x4 minecraft:textures/atlas/blocks.png-atlas
[17:33:58] [Render thread/INFO] (Minecraft) Created: 256x128x4 minecraft:textures/atlas/signs.png-atlas
[17:33:58] [Render thread/INFO] (Minecraft) Created: 1024x512x4 minecraft:textures/atlas/banner_patterns.png-atlas
[17:33:58] [Render thread/INFO] (Minecraft) Created: 1024x512x4 minecraft:textures/atlas/shield_patterns.png-atlas
[17:33:58] [Render thread/INFO] (Minecraft) Created: 256x256x4 minecraft:textures/atlas/chest.png-atlas
[17:33:58] [Render thread/INFO] (Minecraft) Created: 512x256x4 minecraft:textures/atlas/beds.png-atlas
[17:33:58] [Render thread/INFO] (Minecraft) Created: 512x256x4 minecraft:textures/atlas/shulker_boxes.png-atlas
[17:34:01] [Render thread/WARN] (Minecraft) Shader rendertype_entity_translucent_emissive could not find sampler named Sampler2 in the specified shader program.
[17:34:01] [Render thread/INFO] (Minecraft) Created: 512x256x0 minecraft:textures/atlas/particles.png-atlas
[17:34:01] [Render thread/INFO] (Minecraft) Created: 256x256x0 minecraft:textures/atlas/paintings.png-atlas
[17:34:01] [Render thread/INFO] (Minecraft) Created: 256x128x0 minecraft:textures/atlas/mob_effects.png-atlas
[17:34:14] [Render thread/INFO] (Minecraft) Loaded 7 recipes
[17:34:15] [Render thread/INFO] (Minecraft) Loaded 1179 advancements
[17:34:20] [Render thread/INFO] (BiomeModificationImpl) Applied 0 biome modifications to 0 of 63 new biomes in 13.28 ms
[17:34:20] [Server thread/INFO] (Minecraft) Starting integrated minecraft server version 1.19
[17:34:20] [Server thread/INFO] (Minecraft) Generating keypair
[17:34:21] [Server thread/INFO] (Minecraft) Preparing start region for dimension minecraft:overworld
[17:34:31] [Render thread/INFO] (Minecraft) Preparing spawn area: 0%
[17:34:31] [Render thread/INFO] (Minecraft) Preparing spawn area: 0%
[17:34:31] [Render thread/INFO] (Minecraft) Preparing spawn area: 0%
[17:34:31] [Render thread/INFO] (Minecraft) Preparing spawn area: 0%
[17:34:31] [Render thread/INFO] (Minecraft) Preparing spawn area: 0%
[17:34:31] [Render thread/INFO] (Minecraft) Preparing spawn area: 0%
[17:34:31] [Render thread/INFO] (Minecraft) Preparing spawn area: 0%
[17:34:31] [Render thread/INFO] (Minecraft) Preparing spawn area: 0%
[17:34:31] [Render thread/INFO] (Minecraft) Preparing spawn area: 0%
[17:34:31] [Render thread/INFO] (Minecraft) Preparing spawn area: 0%
[17:34:31] [Render thread/INFO] (Minecraft) Preparing spawn area: 0%
[17:34:31] [Render thread/INFO] (Minecraft) Preparing spawn area: 0%
[17:34:31] [Render thread/INFO] (Minecraft) Preparing spawn area: 0%
[17:34:31] [Render thread/INFO] (Minecraft) Preparing spawn area: 0%
[17:34:31] [Render thread/INFO] (Minecraft) Preparing spawn area: 0%
[17:34:31] [Render thread/INFO] (Minecraft) Preparing spawn area: 0%
[17:34:31] [Render thread/INFO] (Minecraft) Preparing spawn area: 0%
[17:34:31] [Render thread/INFO] (Minecraft) Preparing spawn area: 0%
[17:34:31] [Render thread/INFO] (Minecraft) Preparing spawn area: 0%
[17:34:31] [Render thread/INFO] (Minecraft) Preparing spawn area: 0%
[17:34:31] [Render thread/INFO] (Minecraft) Preparing spawn area: 0%
[17:34:31] [Render thread/INFO] (Minecraft) Preparing spawn area: 0%
[17:34:32] [Render thread/INFO] (Minecraft) Preparing spawn area: 5%
[17:34:32] [Render thread/INFO] (Minecraft) Preparing spawn area: 23%
[17:34:33] [Render thread/INFO] (Minecraft) Preparing spawn area: 39%
[17:34:33] [Render thread/INFO] (Minecraft) Preparing spawn area: 55%
[17:34:34] [Render thread/INFO] (Minecraft) Preparing spawn area: 81%
[17:34:34] [Render thread/INFO] (Minecraft) Preparing spawn area: 93%
[17:34:35] [Render thread/INFO] (Minecraft) Time elapsed: 13650 ms
[17:34:35] [Server thread/INFO] (Minecraft) Changing view distance to 12, from 10
[17:34:35] [Server thread/INFO] (Minecraft) Changing simulation distance to 12, from 0
[17:34:36] [Server thread/INFO] (Minecraft) Player648[local:E:38331539] logged in with entity id 18 at (0.3307608395483869, -60.0, 3.564029782465579)
[17:34:37] [Server thread/INFO] (Minecraft) Player648 joined the game
[17:34:38] [Server thread/WARN] (Minecraft) Can't keep up! Is the server overloaded? Running 2063ms or 41 ticks behind
[17:34:42] [Render thread/INFO] (Minecraft) Loaded 2 advancements
[17:34:58] [Server thread/INFO] (Minecraft) [Player648: Gave 2 [Stick] to Player648]
[17:34:58] [Render thread/INFO] (Minecraft) [CHAT] Gave 2 [Stick] to Player648
[17:34:58] [Render thread/INFO] (Minecraft) Loaded 11 advancements
[17:36:25] [Render thread/INFO] (Minecraft) Stopping!
[17:36:25] [Server thread/INFO] (Minecraft) Player648 lost connection: Disconnected
[17:36:25] [Server thread/INFO] (Minecraft) Player648 left the game
[17:36:25] [Server thread/INFO] (Minecraft) Stopping singleplayer server as player logged out
[17:36:25] [Server thread/INFO] (Minecraft) Stopping server
[17:36:25] [Server thread/INFO] (Minecraft) Saving players
[17:36:25] [Server thread/INFO] (Minecraft) Saving worlds
[17:36:28] [Server thread/INFO] (Minecraft) Saving chunks for level 'ServerLevel[New World]'/minecraft:overworld
[17:36:28] [Server thread/INFO] (Minecraft) Saving chunks for level 'ServerLevel[New World]'/minecraft:the_nether
[17:36:28] [Server thread/INFO] (Minecraft) Saving chunks for level 'ServerLevel[New World]'/minecraft:the_end
[17:36:28] [Server thread/INFO] (Minecraft) ThreadedAnvilChunkStorage (New World (1)): All chunks are saved
[17:36:28] [Server thread/INFO] (Minecraft) ThreadedAnvilChunkStorage (DIM-1): All chunks are saved
[17:36:28] [Server thread/INFO] (Minecraft) ThreadedAnvilChunkStorage (DIM1): All chunks are saved
[17:36:28] [Server thread/INFO] (Minecraft) ThreadedAnvilChunkStorage: All dimensions are saved
